<testsuites id="" name="" tests="6" failures="1" skipped="0" errors="0" time="7.4487879999999995">
<testsuite name="checklist.spec.js" timestamp="2026-06-25T06:04:57.248Z" hostname="chromium" tests="6" failures="1" skipped="0" time="3.711" errors="0">
<testcase name="loads the checklist dashboard with seeded tasks" classname="checklist.spec.js" time="0.626">
</testcase>
<testcase name="shows validation when task name is too short" classname="checklist.spec.js" time="0.64">
</testcase>
<testcase name="adds a high priority test task" classname="checklist.spec.js" time="0.613">
<system-out>
<![CDATA[
[[ATTACHMENT|checklist-adds-a-high-priority-test-task-chromium\test-failed-1.png]]

[[ATTACHMENT|checklist-adds-a-high-priority-test-task-chromium\video.webm]]

[[ATTACHMENT|checklist-adds-a-high-priority-test-task-chromium\error-context.md]]
]]>
</system-out>
<failure message="expect(locator).toBeVisible() failed" type="expect.toBeVisible">
<![CDATA[  [chromium] › checklist.spec.js:24:1 › adds a high priority test task ─────────────────────────────

    Error: expect(locator).toBeVisible() failed

    Locator: getByText('High')
    Expected: visible
    Error: strict mode violation: getByText('High') resolved to 3 elements:
        1) <option>High</option> aka getByLabel('Priority')
        2) <span class="priority high">High</span> aka getByText('High').nth(1)
        3) <span class="priority high">High</span> aka getByText('High').nth(2)

    Call log:
      - Expect "toBeVisible" with timeout 5000ms
      - waiting for getByText('High')


      28 |
      29 |   await expect(page.getByText('Validate payment error state')).toBeVisible();
    > 30 |   await expect(page.getByText('High')).toBeVisible();
         |                                        ^
      31 |   await expect(page.getByTestId('total-count')).toHaveText('3 total');
      32 | });
      33 |
        at D:\Jenkins\app\tests\checklist.spec.js:30:40

    attachment #1: screenshot (image/png) ──────────────────────────────────────────────────────────
    ..\test-results\checklist-adds-a-high-priority-test-task-chromium\test-failed-1.png
    ────────────────────────────────────────────────────────────────────────────────────────────────

    attachment #2: video (video/webm) ──────────────────────────────────────────────────────────────
    ..\test-results\checklist-adds-a-high-priority-test-task-chromium\video.webm
    ────────────────────────────────────────────────────────────────────────────────────────────────

    Error Context: ..\test-results\checklist-adds-a-high-priority-test-task-chromium\error-context.md
]]>
</failure>
</testcase>
<testcase name="marks a task complete and filters completed tasks" classname="checklist.spec.js" time="0.662">
</testcase>
<testcase name="removes a task from the list" classname="checklist.spec.js" time="0.606">
</testcase>
<testcase name="persists added tasks after reload" classname="checklist.spec.js" time="0.564">
</testcase>
</testsuite>
</testsuites>